Lunar IPS (LIPS) Version 1.01
Apply IPS Patch Log

Offset    Size    RLE    IPS_File_Range       IPS_File_Size
------    ----    ID     00000000-00000004        5
002801     10C    No     00000005-00000115      111
002914       A    No     00000116-00000124        F
002924      75    No     00000125-0000019E       7A
0029A0       E    No     0000019F-000001B1       13
0029B4       D    No     000001B2-000001C3       12
0029C9      1E    No     000001C4-000001E6       23
0029EF      55    No     000001E7-00000240       5A
002A50      D2    No     00000241-00000317       D7
004010       1    No     00000318-0000031D        6
004017     5EF    No     0000031E-00000911      5F4
004611     49C    No     00000912-00000DB2      4A1
004AB3     5C3    No     00000DB3-0000137A      5C8
005076       B    Yes    0000137B-00001382        8
0050AA      14    No     00001383-0000139B       19
0050C5     10B    No     0000139C-000014AB      110
0051EA      1F    No     000014AC-000014CF       24
005211       6    No     000014D0-000014DA        B
00523F       6    No     000014DB-000014E5        B
005279       E    No     000014E6-000014F8       13
0052B0      13    No     000014F9-00001510       18
0052DF      23    No     00001511-00001538       28
005309      1C    No     00001539-00001559       21
005389       6    No     0000155A-00001564        B
0053B2      14    No     00001565-0000157D       19
00A5A8       1    No     0000157E-00001583        6
020D70       F    No     00001584-00001597       14
020E70       F    No     00001598-000015AB       14
020F10       F    No     000015AC-000015BF       14
020F70       F    No     000015C0-000015D3       14
021570       F    No     000015D4-000015E7       14
021670       F    No     000015E8-000015FB       14
021710       F    No     000015FC-0000160F       14
021770       F    No     00001610-00001623       14
021D70       F    No     00001624-00001637       14
021E70       F    No     00001638-0000164B       14
021F10       F    No     0000164C-0000165F       14
021F70       F    No     00001660-00001673       14
022570       F    No     00001674-00001687       14
022670       F    No     00001688-0000169B       14
022710       F    No     0000169C-000016AF       14
022770       F    No     000016B0-000016C3       14
029010       F    No     000016C4-000016D7       14
029190      1F    No     000016D8-000016FB       24
029270       F    No     000016FC-0000170F       14
029330      2F    No     00001710-00001743       34
029738       7    No     00001744-0000174F        C
029748       7    No     00001750-0000175B        C
029758       7    No     0000175C-00001767        C
0297A9       6    No     00001768-00001772        B
029818       7    No     00001773-0000177E        C
029998       7    No     0000177F-0000178A        C
0299A8       7    No     0000178B-00001796        C
029A78       7    No     00001797-000017A2        C
029B38       7    No     000017A3-000017AE        C
029B48       7    No     000017AF-000017BA        C
029B58       7    No     000017BB-000017C6        C
029C39       6    No     000017C7-000017D1        B
02A039       6    No     000017D2-000017DC        B
02A439       6    No     000017DD-000017E7        B
02A839       6    No     000017E8-000017F2        B
031DB6       2    No     000017F3-000017F9        7
031DC3       5    No     000017FA-00001803        A
031DD3       5    No     00001804-0000180D        A
031DE3       4    No     0000180E-00001816        9
031DF1       5    No     00001817-00001820        A
031E01       5    No     00001821-0000182A        A
031E21       5    No     0000182B-00001834        A
031E31       5    No     00001835-0000183E        A
03A808       8    No     0000183F-0000184B        D
------    ----    EOF    0000184C-0000184E        3

Total Patches: 45 (69)
